<?xml version="1.0" encoding="UTF-8"?>
<!-- Generated by org.testng.reporters.JUnitXMLReporter -->
<testsuite ignored="0" hostname="DESKTOP-I1470H0" failures="0" tests="10" name="Test" time="99.069" errors="0" timestamp="2025-01-02T20:47:15 IST">
  <testcase classname="TestScript.QALegendEventTest" name="verifyAddEvent" time="4.069"/>
  <testcase classname="TestScript.QALegendNoteTest" name="verifyAddNoteTest" time="9.297"/>
  <testcase classname="TestScript.QALegendMessageTest" name="verifyComposeMessage" time="6.188"/>
  <testcase classname="TestScript.QALegendClientTest" name="verifyAddClient" time="5.206"/>
  <testcase classname="TestScript.QALegendClientTest" name="verifyEditClient" time="7.308"/>
  <testcase classname="TestScript.QALegendProjectTest" name="verifyAddProject" time="6.374"/>
  <testcase classname="TestScript.QALegendProjectTest" name="verifyDeleteProject" time="9.726"/>
  <testcase classname="TestScript.QALegendProjectTest" name="verifySearchForCompletedProjects" time="2.721"/>
  <testcase classname="TestScript.QALegendTicketTest" name="verifyTicketAssignment" time="8.38"/>
  <testcase classname="TestScript.QALegendTicketTest" name="verifyTicketMarkedAsClosed" time="6.428"/>
</testsuite> <!-- Test -->
