<?xml version="1.0" encoding="UTF-8"?>
<testng-results ignored="0" total="1" passed="1" failed="0" skipped="0">
  <reporter-output>
  </reporter-output>
  <suite started-at="2024-12-31T18:22:20 IST" name="Suite" finished-at="2024-12-31T18:22:30 IST" duration-ms="10236">
    <groups>
    </groups>
    <test started-at="2024-12-31T18:22:20 IST" name="Test" finished-at="2024-12-31T18:22:30 IST" duration-ms="10236">
      <class name="TestScript.QALegendProjectTest">
        <test-method is-config="true" signature="browserinitialization(java.lang.String)[pri:0, instance:TestScript.QALegendProjectTest@3e2059ae]" started-at="2024-12-31T18:22:20 IST" name="browserinitialization" finished-at="2024-12-31T18:22:23 IST" duration-ms="3537" status="PASS">
          <params>
            <param index="0">
              <value>
                <![CDATA[Chrome]]>
              </value>
            </param>
          </params>
          <reporter-output>
          </reporter-output>
        </test-method> <!-- browserinitialization -->
        <test-method signature="verifyAddProject()[pri:0, instance:TestScript.QALegendProjectTest@3e2059ae]" started-at="2024-12-31T18:22:23 IST" name="verifyAddProject" finished-at="2024-12-31T18:22:30 IST" duration-ms="6635" status="PASS">
          <reporter-output>
          </reporter-output>
        </test-method> <!-- verifyAddProject -->
        <test-method is-config="true" signature="afterMethod(org.testng.ITestResult)[pri:0, instance:TestScript.QALegendProjectTest@3e2059ae]" started-at="2024-12-31T18:22:30 IST" name="afterMethod" finished-at="2024-12-31T18:22:30 IST" duration-ms="1" status="PASS">
          <params>
            <param index="0">
              <value>
                <![CDATA[[TestResult name=verifyAddProject status=SUCCESS method=QALegendProjectTest.verifyAddProject()[pri:0, instance:TestScript.QALegendProjectTest@3e2059ae] output={null}]]]>
              </value>
            </param>
          </params>
          <reporter-output>
          </reporter-output>
        </test-method> <!-- afterMethod -->
      </class> <!-- TestScript.QALegendProjectTest -->
    </test> <!-- Test -->
  </suite> <!-- Suite -->
</testng-results>
